Using pre-set license
Built from '2021.1/staging' branch; Version is '2021.1.15f1 (e767a7370072) revision 15165351'; Using compiler version '192528614'; Build Type 'Release'
OS: 'Windows 10 Pro; OS build 19042.1110; Version 2009; 64bit' Language: 'en' Physical Memory: 16196 MB
BatchMode: 1, IsHumanControllingUs: 0, StartBugReporterOnCrash: 0, Is64bit: 1, IsPro: 0

 COMMAND LINE ARGUMENTS:
D:\Unity\2021.1.15f1\Editor\Unity.exe
-adb2
-batchMode
-noUpm
-name
AssetImportWorker0
-projectPath
C:/Users/Christian/New Unity Project
-logFile
Logs/AssetImportWorker0.log
-srvPort
58499
Successfully changed project path to: C:/Users/Christian/New Unity Project
C:/Users/Christian/New Unity Project
Using Asset Import Pipeline V2.
Refreshing native plugins compatible for Editor in 98.08 ms, found 2 plugins.
Preloading 0 native plugins for Editor in 0.00 ms.
Initialize engine version: 2021.1.15f1 (e767a7370072)
[Subsystems] Discovering subsystems at path D:/Unity/2021.1.15f1/Editor/Data/Resources/UnitySubsystems
[Subsystems] Discovering subsystems at path C:/Users/Christian/New Unity Project/Assets
GfxDevice: creating device client; threaded=0; jobified=0
Direct3D:
    Version:  Direct3D 11.0 [level 11.1]
    Renderer: NVIDIA GeForce GTX 1660 Ti (ID=0x2191)
    Vendor:   NVIDIA
    VRAM:     5991 MB
    Driver:   27.21.14.6231
Initialize mono
Mono path[0] = 'D:/Unity/2021.1.15f1/Editor/Data/Managed'
Mono path[1] = 'D:/Unity/2021.1.15f1/Editor/Data/MonoBleedingEdge/lib/mono/unityjit'
Mono config path = 'D:/Unity/2021.1.15f1/Editor/Data/MonoBleedingEdge/etc'
Using monoOptions --debugger-agent=transport=dt_socket,embedding=1,server=y,suspend=n,address=127.0.0.1:56256
Begin MonoManager ReloadAssembly
Registering precompiled unity dll's ...
Register platform support module: D:/Unity/2021.1.15f1/Editor/Data/PlaybackEngines/MacStandaloneSupport/UnityEditor.OSXStandalone.Extensions.dll
Register platform support module: D:/Unity/2021.1.15f1/Editor/Data/PlaybackEngines/WindowsStandaloneSupport/UnityEditor.WindowsStandalone.Extensions.dll
Register platform support module: D:/Unity/2021.1.15f1/Editor/Data/PlaybackEngines/LinuxStandaloneSupport/UnityEditor.LinuxStandalone.Extensions.dll
Registered in 0.001630 seconds.
Native extension for LinuxStandalone target not found
Native extension for WindowsStandalone target not found
Native extension for OSXStandalone target not found
Refreshing native plugins compatible for Editor in 54.02 ms, found 2 plugins.
Preloading 0 native plugins for Editor in 0.00 ms.
Mono: successfully reloaded assembly
- Completed reload, in  1.487 seconds
Domain Reload Profiling:
	ReloadAssembly (1487ms)
		BeginReloadAssembly (85ms)
			ExecutionOrderSort (0ms)
			DisableScriptedObjects (0ms)
			BackupInstance (0ms)
			ReleaseScriptingObjects (0ms)
			CreateAndSetChildDomain (1ms)
		EndReloadAssembly (666ms)
			LoadAssemblies (84ms)
			RebuildTransferFunctionScriptingTraits (0ms)
			SetupTypeCache (233ms)
			ReleaseScriptCaches (0ms)
			RebuildScriptCaches (57ms)
			SetupLoadedEditorAssemblies (291ms)
				LogAssemblyErrors (0ms)
				InitializePlatformSupportModulesInManaged (14ms)
				SetLoadedEditorAssemblies (0ms)
				RefreshPlugins (54ms)
				BeforeProcessingInitializeOnLoad (2ms)
				ProcessInitializeOnLoadAttributes (161ms)
				ProcessInitializeOnLoadMethodAttributes (60ms)
				AfterProcessingInitializeOnLoad (0ms)
				EditorAssembliesLoaded (0ms)
			ExecutionOrderSort2 (0ms)
			AwakeInstancesAfterBackupRestoration (0ms)
Platform modules already initialized, skipping
Registering precompiled user dll's ...
Registered in 0.009773 seconds.
Begin MonoManager ReloadAssembly
Native extension for LinuxStandalone target not found
Native extension for WindowsStandalone target not found
Native extension for OSXStandalone target not found
Refreshing native plugins compatible for Editor in 0.66 ms, found 2 plugins.
Preloading 0 native plugins for Editor in 0.00 ms.
Mono: successfully reloaded assembly
- Completed reload, in  1.667 seconds
Domain Reload Profiling:
	ReloadAssembly (1667ms)
		BeginReloadAssembly (208ms)
			ExecutionOrderSort (0ms)
			DisableScriptedObjects (8ms)
			BackupInstance (0ms)
			ReleaseScriptingObjects (0ms)
			CreateAndSetChildDomain (26ms)
		EndReloadAssembly (1378ms)
			LoadAssemblies (140ms)
			RebuildTransferFunctionScriptingTraits (0ms)
			SetupTypeCache (580ms)
			ReleaseScriptCaches (0ms)
			RebuildScriptCaches (58ms)
			SetupLoadedEditorAssemblies (480ms)
				LogAssemblyErrors (0ms)
				InitializePlatformSupportModulesInManaged (9ms)
				SetLoadedEditorAssemblies (1ms)
				RefreshPlugins (1ms)
				BeforeProcessingInitializeOnLoad (71ms)
				ProcessInitializeOnLoadAttributes (307ms)
				ProcessInitializeOnLoadMethodAttributes (86ms)
				AfterProcessingInitializeOnLoad (5ms)
				EditorAssembliesLoaded (0ms)
			ExecutionOrderSort2 (0ms)
			AwakeInstancesAfterBackupRestoration (11ms)
Platform modules already initialized, skipping
========================================================================
Worker process is ready to serve import requests
Launched and connected shader compiler UnityShaderCompiler.exe after 0.20 seconds
Refreshing native plugins compatible for Editor in 1.22 ms, found 2 plugins.
Preloading 0 native plugins for Editor in 0.00 ms.
Unloading 1969 Unused Serialized files (Serialized files now loaded: 0)
System memory in use before: 83.4 MB.
System memory in use after: 83.5 MB.

Unloading 58 unused Assets to reduce memory usage. Loaded Objects now: 2391.
Total: 12.062900 ms (FindLiveObjects: 0.457200 ms CreateObjectMapping: 0.234700 ms MarkObjects: 11.268200 ms  DeleteObjects: 0.099900 ms)

AssetImportParameters requested are different than current active one (requested -> active):
  custom:framework-win-MediaFoundation: 216162199b28c13a410421893ffa2e32 -> 
  custom:video-decoder-ogg-theora: a1e56fd34408186e4bbccfd4996cb3dc -> 
  custom:container-muxer-webm: aa71ff27fc2769a1b78a27578f13a17b -> 
  custom:container-demuxer-webm: 4f35f7cbe854078d1ac9338744f61a02 -> 
  custom:container-demuxer-ogg: 62fdf1f143b41e24485cea50d1cbac27 -> 
  custom:video-encoder-webm-vp8: eb34c28f22e8b96e1ab97ce403110664 -> 
  custom:video-codec-MediaFoundation-h265: 746d11721c4dcdbdad8f713fa42b33f4 -> 
  custom:video-decoder-webm-vp8: 9c59270c3fd7afecdb556c50c9e8de78 -> 
  custom:audio-decoder-ogg-vorbis: bf7c407c2cedff20999df2af8eb42d56 -> 
  custom:audio-encoder-webm-vorbis: bf7c407c2cedff20999df2af8eb42d56 -> 
========================================================================
Received Import Request.
  path: Assets/Sprites/_Animations/Characters/Guy/Guy Animation controller.overrideController
  artifactKey: Guid(295aa1888bef4d4439c17c170aa1fb6d) Importer(815301076,1909f56bfc062723c751e8b465ee728b)
Start importing Assets/Sprites/_Animations/Characters/Guy/Guy Animation controller.overrideController using Guid(295aa1888bef4d4439c17c170aa1fb6d) Importer(815301076,1909f56bfc062723c751e8b465ee728b)  -> (artifact id: '54375a993f3eff8f6f0723956759fe85') in 0.081935 seconds 
========================================================================
Received Import Request.
  Time since last request: 38.555232 seconds.
  path: Assets/Sprites/BushPlaceholder.png
  artifactKey: Guid(a1c94201d6feee64d851ad7c85281a26) Importer(815301076,1909f56bfc062723c751e8b465ee728b)
Start importing Assets/Sprites/BushPlaceholder.png using Guid(a1c94201d6feee64d851ad7c85281a26) Importer(815301076,1909f56bfc062723c751e8b465ee728b)  -> (artifact id: '5e2706ae4ce037bbfc096492cbcb5eab') in 0.155079 seconds 
========================================================================
Received Import Request.
  Time since last request: 0.000236 seconds.
  path: Assets/Sprites/Guy.png
  artifactKey: Guid(44f6548345cfcf944915b1398f65cf9c) Importer(815301076,1909f56bfc062723c751e8b465ee728b)
Start importing Assets/Sprites/Guy.png using Guid(44f6548345cfcf944915b1398f65cf9c) Importer(815301076,1909f56bfc062723c751e8b465ee728b)  -> (artifact id: 'ecd3e697feff7fabf8dfe283bd5dfefc') in 0.245415 seconds 
========================================================================
Received Import Request.
  Time since last request: 0.000286 seconds.
  path: Assets/Sprites/wizard.png
  artifactKey: Guid(3ca400120c83d9d4a93f8a503b2af122) Importer(815301076,1909f56bfc062723c751e8b465ee728b)
Start importing Assets/Sprites/wizard.png using Guid(3ca400120c83d9d4a93f8a503b2af122) Importer(815301076,1909f56bfc062723c751e8b465ee728b)  -> (artifact id: 'e556061631ffc95371d3f833a4246d42') in 0.177179 seconds 
========================================================================
Received Import Request.
  Time since last request: 0.000257 seconds.
  path: Assets/Sprites/DudeAnimationPlaceholder.png
  artifactKey: Guid(821f4379e318e724dba57f122e030354) Importer(815301076,1909f56bfc062723c751e8b465ee728b)
Start importing Assets/Sprites/DudeAnimationPlaceholder.png using Guid(821f4379e318e724dba57f122e030354) Importer(815301076,1909f56bfc062723c751e8b465ee728b)  -> (artifact id: 'c95c6e6a0fe14016c0055bd8b73b6d91') in 0.047957 seconds 
========================================================================
Received Import Request.
  Time since last request: 0.000201 seconds.
  path: Assets/Sprites/DudePlaceholder.png
  artifactKey: Guid(29edccd4a7d9b4b48800988c8aaba733) Importer(815301076,1909f56bfc062723c751e8b465ee728b)
Start importing Assets/Sprites/DudePlaceholder.png using Guid(29edccd4a7d9b4b48800988c8aaba733) Importer(815301076,1909f56bfc062723c751e8b465ee728b)  -> (artifact id: 'a490c915be3c132f2ef52fb366f5e60e') in 0.015691 seconds 
========================================================================
Received Import Request.
  Time since last request: 27.342899 seconds.
  path: Assets/Materials
  artifactKey: Guid(8d3e25b29fe771840a29b7315c4c4ef4) Importer(815301076,1909f56bfc062723c751e8b465ee728b)
Start importing Assets/Materials using Guid(8d3e25b29fe771840a29b7315c4c4ef4) Importer(815301076,1909f56bfc062723c751e8b465ee728b)  -> (artifact id: '4dfebea5d98a5751ed742f5c8d6c347a') in 0.008719 seconds 
========================================================================
Received Import Request.
  Time since last request: 0.384754 seconds.
  path: Assets/Materials/Black.mat
  artifactKey: Guid(1b35baf68fbeb1c4b9f8a51a3aa50137) Importer(815301076,1909f56bfc062723c751e8b465ee728b)
Start importing Assets/Materials/Black.mat using Guid(1b35baf68fbeb1c4b9f8a51a3aa50137) Importer(815301076,1909f56bfc062723c751e8b465ee728b)  -> (artifact id: '6d0e70637c8ecaa3109b28f4c946ff72') in 0.319271 seconds 
========================================================================
Received Import Request.
  Time since last request: 0.000203 seconds.
  path: Assets/Materials/Grass.mat
  artifactKey: Guid(7c4a7570d1624ee45aa0fcd8c29b2749) Importer(815301076,1909f56bfc062723c751e8b465ee728b)
Start importing Assets/Materials/Grass.mat using Guid(7c4a7570d1624ee45aa0fcd8c29b2749) Importer(815301076,1909f56bfc062723c751e8b465ee728b)  -> (artifact id: '38d1c11c88fb59918b2c678d1136dbc6') in 0.022407 seconds 
========================================================================
Received Import Request.
  Time since last request: 0.000220 seconds.
  path: Assets/Materials/ForestTrees.mat
  artifactKey: Guid(461334f30302a4c428c07873c8a5ef81) Importer(815301076,1909f56bfc062723c751e8b465ee728b)
Start importing Assets/Materials/ForestTrees.mat using Guid(461334f30302a4c428c07873c8a5ef81) Importer(815301076,1909f56bfc062723c751e8b465ee728b)  -> (artifact id: '574d8f2abfba4c9b64e767a801f5882f') in 0.134059 seconds 
========================================================================
Received Import Request.
  Time since last request: 0.000219 seconds.
  path: Assets/Materials/trees.mat
  artifactKey: Guid(25b4f41fdfa2c0940b141132ea685c42) Importer(815301076,1909f56bfc062723c751e8b465ee728b)
Start importing Assets/Materials/trees.mat using Guid(25b4f41fdfa2c0940b141132ea685c42) Importer(815301076,1909f56bfc062723c751e8b465ee728b)  -> (artifact id: '0c82ec0034ddc486483429eb9e447e7c') in 0.018334 seconds 
========================================================================
Received Import Request.
  Time since last request: 0.000239 seconds.
  path: Assets/Materials/SpriteShadows.mat
  artifactKey: Guid(61f959fb3e45bfb4594e405eca9290ba) Importer(815301076,1909f56bfc062723c751e8b465ee728b)
Start importing Assets/Materials/SpriteShadows.mat using Guid(61f959fb3e45bfb4594e405eca9290ba) Importer(815301076,1909f56bfc062723c751e8b465ee728b)  -> (artifact id: '4121af66089fd36d37f54095b895fa07') in 0.015857 seconds 
========================================================================
Received Import Request.
  Time since last request: 0.000293 seconds.
  path: Assets/Materials/Grass10x10.mat
  artifactKey: Guid(6c8835b725df10e459125110e1e869aa) Importer(815301076,1909f56bfc062723c751e8b465ee728b)
Start importing Assets/Materials/Grass10x10.mat using Guid(6c8835b725df10e459125110e1e869aa) Importer(815301076,1909f56bfc062723c751e8b465ee728b)  -> (artifact id: '51c016247ed22d11a912a61e75d01436') in 0.017264 seconds 
========================================================================
Received Import Request.
  Time since last request: 3.784216 seconds.
  path: Assets/Prefabs
  artifactKey: Guid(4dc11cb72f33f0d479a3367dabb9c259) Importer(815301076,1909f56bfc062723c751e8b465ee728b)
Start importing Assets/Prefabs using Guid(4dc11cb72f33f0d479a3367dabb9c259) Importer(815301076,1909f56bfc062723c751e8b465ee728b)  -> (artifact id: 'a46def66b707a166e0d015ae507b9ea2') in 0.006729 seconds 
========================================================================
Received Import Request.
  Time since last request: 1.497116 seconds.
  path: Assets/Prefabs/Characters
  artifactKey: Guid(f47deb9d300b8f745bb310e21891838e) Importer(815301076,1909f56bfc062723c751e8b465ee728b)
Start importing Assets/Prefabs/Characters using Guid(f47deb9d300b8f745bb310e21891838e) Importer(815301076,1909f56bfc062723c751e8b465ee728b)  -> (artifact id: '166d27fc69108ce5258e3b29449b6d3c') in 0.007428 seconds 
========================================================================
Received Import Request.
  Time since last request: 0.042822 seconds.
  path: Assets/Prefabs/Characters/PlayerCharacter.prefab
  artifactKey: Guid(eda9dcf8a4a6a4349b40690dd46de687) Importer(815301076,1909f56bfc062723c751e8b465ee728b)
Start importing Assets/Prefabs/Characters/PlayerCharacter.prefab using Guid(eda9dcf8a4a6a4349b40690dd46de687) Importer(815301076,1909f56bfc062723c751e8b465ee728b)  -> (artifact id: 'dfe47ef1f7d11b36a81b0cd61322aa64') in 0.184954 seconds 
========================================================================
Received Prepare
Registering precompiled user dll's ...
Registered in 0.005174 seconds.
Begin MonoManager ReloadAssembly
Native extension for LinuxStandalone target not found
Native extension for WindowsStandalone target not found
Native extension for OSXStandalone target not found
Refreshing native plugins compatible for Editor in 0.71 ms, found 2 plugins.
Preloading 0 native plugins for Editor in 0.00 ms.
Mono: successfully reloaded assembly
- Completed reload, in  1.264 seconds
Domain Reload Profiling:
	ReloadAssembly (1265ms)
		BeginReloadAssembly (129ms)
			ExecutionOrderSort (0ms)
			DisableScriptedObjects (8ms)
			BackupInstance (0ms)
			ReleaseScriptingObjects (0ms)
			CreateAndSetChildDomain (43ms)
		EndReloadAssembly (1073ms)
			LoadAssemblies (90ms)
			RebuildTransferFunctionScriptingTraits (0ms)
			SetupTypeCache (376ms)
			ReleaseScriptCaches (2ms)
			RebuildScriptCaches (55ms)
			SetupLoadedEditorAssemblies (423ms)
				LogAssemblyErrors (0ms)
				InitializePlatformSupportModulesInManaged (13ms)
				SetLoadedEditorAssemblies (1ms)
				RefreshPlugins (1ms)
				BeforeProcessingInitializeOnLoad (78ms)
				ProcessInitializeOnLoadAttributes (258ms)
				ProcessInitializeOnLoadMethodAttributes (71ms)
				AfterProcessingInitializeOnLoad (2ms)
				EditorAssembliesLoaded (0ms)
			ExecutionOrderSort2 (0ms)
			AwakeInstancesAfterBackupRestoration (13ms)
Platform modules already initialized, skipping
Refreshing native plugins compatible for Editor in 0.75 ms, found 2 plugins.
Preloading 0 native plugins for Editor in 0.00 ms.
Unloading 1968 Unused Serialized files (Serialized files now loaded: 0)
System memory in use before: 91.5 MB.
System memory in use after: 91.6 MB.

Unloading 49 unused Assets to reduce memory usage. Loaded Objects now: 2522.
Total: 6.823300 ms (FindLiveObjects: 0.166600 ms CreateObjectMapping: 0.074700 ms MarkObjects: 6.543300 ms  DeleteObjects: 0.037300 ms)

AssetImportParameters requested are different than current active one (requested -> active):
  custom:framework-win-MediaFoundation: 216162199b28c13a410421893ffa2e32 -> 
  custom:video-decoder-ogg-theora: a1e56fd34408186e4bbccfd4996cb3dc -> 
  custom:container-muxer-webm: aa71ff27fc2769a1b78a27578f13a17b -> 
  custom:container-demuxer-webm: 4f35f7cbe854078d1ac9338744f61a02 -> 
  custom:container-demuxer-ogg: 62fdf1f143b41e24485cea50d1cbac27 -> 
  custom:video-encoder-webm-vp8: eb34c28f22e8b96e1ab97ce403110664 -> 
  custom:video-codec-MediaFoundation-h265: 746d11721c4dcdbdad8f713fa42b33f4 -> 
  custom:video-decoder-webm-vp8: 9c59270c3fd7afecdb556c50c9e8de78 -> 
  custom:audio-decoder-ogg-vorbis: bf7c407c2cedff20999df2af8eb42d56 -> 
  custom:audio-encoder-webm-vorbis: bf7c407c2cedff20999df2af8eb42d56 -> 
========================================================================
Received Import Request.
  Time since last request: 317.544411 seconds.
  path: Assets/Scripts
  artifactKey: Guid(ffee2aba556fa83438ea339554871f4c) Importer(815301076,1909f56bfc062723c751e8b465ee728b)
Start importing Assets/Scripts using Guid(ffee2aba556fa83438ea339554871f4c) Importer(815301076,1909f56bfc062723c751e8b465ee728b)  -> (artifact id: '145aff0a6c4eb44e8a640ccd3348a440') in 0.008533 seconds 
========================================================================
Received Import Request.
  Time since last request: 2.212898 seconds.
  path: Assets/Scripts/Character
  artifactKey: Guid(9cdd52b604a79f94c8dfa4e956cea153) Importer(815301076,1909f56bfc062723c751e8b465ee728b)
Start importing Assets/Scripts/Character using Guid(9cdd52b604a79f94c8dfa4e956cea153) Importer(815301076,1909f56bfc062723c751e8b465ee728b)  -> (artifact id: 'd5cee695f47304975fb6d48038cac9a7') in 0.006805 seconds 
========================================================================
Received Import Request.
  Time since last request: 1.706888 seconds.
  path: Assets/Scripts/Character/PlayerCharacter
  artifactKey: Guid(bfb31826122cbfa46adab09438905056) Importer(815301076,1909f56bfc062723c751e8b465ee728b)
Start importing Assets/Scripts/Character/PlayerCharacter using Guid(bfb31826122cbfa46adab09438905056) Importer(815301076,1909f56bfc062723c751e8b465ee728b)  -> (artifact id: 'f739e7880557982e696422b73cf884a2') in 0.002397 seconds 
========================================================================
Received Import Request.
  Time since last request: 0.985666 seconds.
  path: Assets/Scripts/Character/PlayerCharacter/PlayerCharacter.cs
  artifactKey: Guid(eb9e1588236ec9f43a3db6671bfbd512) Importer(815301076,1909f56bfc062723c751e8b465ee728b)
Start importing Assets/Scripts/Character/PlayerCharacter/PlayerCharacter.cs using Guid(eb9e1588236ec9f43a3db6671bfbd512) Importer(815301076,1909f56bfc062723c751e8b465ee728b)  -> (artifact id: '20f6959d8d30afd9887b250e1761a3e1') in 0.014107 seconds 
========================================================================
Received Prepare
Registering precompiled user dll's ...
Registered in 0.006389 seconds.
Begin MonoManager ReloadAssembly
Native extension for LinuxStandalone target not found
Native extension for WindowsStandalone target not found
Native extension for OSXStandalone target not found
Refreshing native plugins compatible for Editor in 0.57 ms, found 2 plugins.
Preloading 0 native plugins for Editor in 0.00 ms.
Mono: successfully reloaded assembly
- Completed reload, in  1.177 seconds
Domain Reload Profiling:
	ReloadAssembly (1177ms)
		BeginReloadAssembly (122ms)
			ExecutionOrderSort (0ms)
			DisableScriptedObjects (10ms)
			BackupInstance (0ms)
			ReleaseScriptingObjects (0ms)
			CreateAndSetChildDomain (35ms)
		EndReloadAssembly (994ms)
			LoadAssemblies (93ms)
			RebuildTransferFunctionScriptingTraits (0ms)
			SetupTypeCache (305ms)
			ReleaseScriptCaches (1ms)
			RebuildScriptCaches (45ms)
			SetupLoadedEditorAssemblies (422ms)
				LogAssemblyErrors (0ms)
				InitializePlatformSupportModulesInManaged (8ms)
				SetLoadedEditorAssemblies (0ms)
				RefreshPlugins (1ms)
				BeforeProcessingInitializeOnLoad (56ms)
				ProcessInitializeOnLoadAttributes (275ms)
				ProcessInitializeOnLoadMethodAttributes (79ms)
				AfterProcessingInitializeOnLoad (3ms)
				EditorAssembliesLoaded (0ms)
			ExecutionOrderSort2 (0ms)
			AwakeInstancesAfterBackupRestoration (16ms)
Platform modules already initialized, skipping
Refreshing native plugins compatible for Editor in 0.65 ms, found 2 plugins.
Preloading 0 native plugins for Editor in 0.00 ms.
Unloading 1963 Unused Serialized files (Serialized files now loaded: 0)
System memory in use before: 91.3 MB.
System memory in use after: 91.5 MB.

Unloading 49 unused Assets to reduce memory usage. Loaded Objects now: 2525.
Total: 7.187800 ms (FindLiveObjects: 0.183500 ms CreateObjectMapping: 0.090900 ms MarkObjects: 6.866600 ms  DeleteObjects: 0.045400 ms)

AssetImportParameters requested are different than current active one (requested -> active):
  custom:framework-win-MediaFoundation: 216162199b28c13a410421893ffa2e32 -> 
  custom:video-decoder-ogg-theora: a1e56fd34408186e4bbccfd4996cb3dc -> 
  custom:container-muxer-webm: aa71ff27fc2769a1b78a27578f13a17b -> 
  custom:container-demuxer-webm: 4f35f7cbe854078d1ac9338744f61a02 -> 
  custom:container-demuxer-ogg: 62fdf1f143b41e24485cea50d1cbac27 -> 
  custom:video-encoder-webm-vp8: eb34c28f22e8b96e1ab97ce403110664 -> 
  custom:video-codec-MediaFoundation-h265: 746d11721c4dcdbdad8f713fa42b33f4 -> 
  custom:video-decoder-webm-vp8: 9c59270c3fd7afecdb556c50c9e8de78 -> 
  custom:audio-decoder-ogg-vorbis: bf7c407c2cedff20999df2af8eb42d56 -> 
  custom:audio-encoder-webm-vorbis: bf7c407c2cedff20999df2af8eb42d56 -> 
========================================================================
Received Import Request.
  Time since last request: 169.316246 seconds.
  path: Assets/Scripts/Character/NPC
  artifactKey: Guid(08bc3d268e97ab54ab91a676e241223a) Importer(815301076,1909f56bfc062723c751e8b465ee728b)
Start importing Assets/Scripts/Character/NPC using Guid(08bc3d268e97ab54ab91a676e241223a) Importer(815301076,1909f56bfc062723c751e8b465ee728b)  -> (artifact id: 'a5b68404b6932eb74f0d0cf3bbede91f') in 0.009335 seconds 
========================================================================
Received Import Request.
  Time since last request: 0.720540 seconds.
  path: Assets/Scripts/Character/NPC/NPC.cs
  artifactKey: Guid(d2f40a9aa447c714b95deb734fd9eee6) Importer(815301076,1909f56bfc062723c751e8b465ee728b)
Start importing Assets/Scripts/Character/NPC/NPC.cs using Guid(d2f40a9aa447c714b95deb734fd9eee6) Importer(815301076,1909f56bfc062723c751e8b465ee728b)  -> (artifact id: '19462923730b6c02d2d94bff4801eb62') in 0.003021 seconds 
========================================================================
Received Prepare
Registering precompiled user dll's ...
Registered in 0.012345 seconds.
Begin MonoManager ReloadAssembly
Native extension for LinuxStandalone target not found
Native extension for WindowsStandalone target not found
Native extension for OSXStandalone target not found
Refreshing native plugins compatible for Editor in 0.63 ms, found 2 plugins.
Preloading 0 native plugins for Editor in 0.00 ms.
Mono: successfully reloaded assembly
- Completed reload, in  1.400 seconds
Domain Reload Profiling:
	ReloadAssembly (1401ms)
		BeginReloadAssembly (141ms)
			ExecutionOrderSort (0ms)
			DisableScriptedObjects (9ms)
			BackupInstance (0ms)
			ReleaseScriptingObjects (0ms)
			CreateAndSetChildDomain (42ms)
		EndReloadAssembly (1173ms)
			LoadAssemblies (112ms)
			RebuildTransferFunctionScriptingTraits (0ms)
			SetupTypeCache (395ms)
			ReleaseScriptCaches (1ms)
			RebuildScriptCaches (64ms)
			SetupLoadedEditorAssemblies (470ms)
				LogAssemblyErrors (0ms)
				InitializePlatformSupportModulesInManaged (12ms)
				SetLoadedEditorAssemblies (0ms)
				RefreshPlugins (1ms)
				BeforeProcessingInitializeOnLoad (75ms)
				ProcessInitializeOnLoadAttributes (309ms)
				ProcessInitializeOnLoadMethodAttributes (69ms)
				AfterProcessingInitializeOnLoad (3ms)
				EditorAssembliesLoaded (0ms)
			ExecutionOrderSort2 (0ms)
			AwakeInstancesAfterBackupRestoration (15ms)
Platform modules already initialized, skipping
Refreshing native plugins compatible for Editor in 0.60 ms, found 2 plugins.
Preloading 0 native plugins for Editor in 0.00 ms.
Unloading 1963 Unused Serialized files (Serialized files now loaded: 0)
System memory in use before: 91.4 MB.
System memory in use after: 91.5 MB.

Unloading 49 unused Assets to reduce memory usage. Loaded Objects now: 2528.
Total: 13.364200 ms (FindLiveObjects: 0.256300 ms CreateObjectMapping: 0.128300 ms MarkObjects: 12.921500 ms  DeleteObjects: 0.056600 ms)

AssetImportParameters requested are different than current active one (requested -> active):
  custom:framework-win-MediaFoundation: 216162199b28c13a410421893ffa2e32 -> 
  custom:video-decoder-ogg-theora: a1e56fd34408186e4bbccfd4996cb3dc -> 
  custom:container-muxer-webm: aa71ff27fc2769a1b78a27578f13a17b -> 
  custom:container-demuxer-webm: 4f35f7cbe854078d1ac9338744f61a02 -> 
  custom:container-demuxer-ogg: 62fdf1f143b41e24485cea50d1cbac27 -> 
  custom:video-encoder-webm-vp8: eb34c28f22e8b96e1ab97ce403110664 -> 
  custom:video-codec-MediaFoundation-h265: 746d11721c4dcdbdad8f713fa42b33f4 -> 
  custom:video-decoder-webm-vp8: 9c59270c3fd7afecdb556c50c9e8de78 -> 
  custom:audio-decoder-ogg-vorbis: bf7c407c2cedff20999df2af8eb42d56 -> 
  custom:audio-encoder-webm-vorbis: bf7c407c2cedff20999df2af8eb42d56 -> 
========================================================================
Received Import Request.
  Time since last request: 65.882973 seconds.
  path: Assets/Scripts/Character/NPC/Enemy
  artifactKey: Guid(613af6f08eb8be64db61acc7dda80aed) Importer(815301076,1909f56bfc062723c751e8b465ee728b)
Start importing Assets/Scripts/Character/NPC/Enemy using Guid(613af6f08eb8be64db61acc7dda80aed) Importer(815301076,1909f56bfc062723c751e8b465ee728b)  -> (artifact id: '917dab0b180dd8e8f9e76b6d9e52594d') in 0.016140 seconds 
========================================================================
Received Import Request.
  Time since last request: 0.000213 seconds.
  path: Assets/Scripts/Character/NPC/Enemy/TestEnemy.cs
  artifactKey: Guid(3ee1bcceae60b0041bf94c41ba028b96) Importer(815301076,1909f56bfc062723c751e8b465ee728b)
Start importing Assets/Scripts/Character/NPC/Enemy/TestEnemy.cs using Guid(3ee1bcceae60b0041bf94c41ba028b96) Importer(815301076,1909f56bfc062723c751e8b465ee728b)  -> (artifact id: '810d2811ee04a76385a2b306d5806f06') in 0.011373 seconds 
========================================================================
Received Import Request.
  Time since last request: 0.582048 seconds.
  path: Assets/Scripts/Character/NPC/Enemy/Enemy.cs
  artifactKey: Guid(a4625ea5c9e166b4e982c7f726dc8cb8) Importer(815301076,1909f56bfc062723c751e8b465ee728b)
Start importing Assets/Scripts/Character/NPC/Enemy/Enemy.cs using Guid(a4625ea5c9e166b4e982c7f726dc8cb8) Importer(815301076,1909f56bfc062723c751e8b465ee728b)  -> (artifact id: '3627ce3dbd6246c3f42e77efc93ae235') in 0.001931 seconds 
========================================================================
Received Import Request.
  Time since last request: 625.107886 seconds.
  path: Assets/Scripts/Character/Character.cs
  artifactKey: Guid(ced70aa8c84f7ba438834ce86313a3d5) Importer(815301076,1909f56bfc062723c751e8b465ee728b)
Start importing Assets/Scripts/Character/Character.cs using Guid(ced70aa8c84f7ba438834ce86313a3d5) Importer(815301076,1909f56bfc062723c751e8b465ee728b)  -> (artifact id: 'a44e526c8f359d54f815cfb59bf5b979') in 0.007054 seconds 
========================================================================
Received Import Request.
  Time since last request: 709.147051 seconds.
  path: Assets/Resources
  artifactKey: Guid(3e4aa432f4d10b440ba8c81f54e0c768) Importer(815301076,1909f56bfc062723c751e8b465ee728b)
Start importing Assets/Resources using Guid(3e4aa432f4d10b440ba8c81f54e0c768) Importer(815301076,1909f56bfc062723c751e8b465ee728b)  -> (artifact id: '432e99ad271bcde867095535b81ef1cc') in 0.009034 seconds 
========================================================================
Received Import Request.
  Time since last request: 1.470825 seconds.
  path: Assets/Resources/BillingMode.json
  artifactKey: Guid(f1941055ee93b2f44b8e027da13d011d) Importer(815301076,1909f56bfc062723c751e8b465ee728b)
Start importing Assets/Resources/BillingMode.json using Guid(f1941055ee93b2f44b8e027da13d011d) Importer(815301076,1909f56bfc062723c751e8b465ee728b)  -> (artifact id: 'd125efc1c6a095db5be6231414dde502') in 0.028877 seconds 
========================================================================
Received Import Request.
  Time since last request: 5.621787 seconds.
  path: Assets/Shaders
  artifactKey: Guid(b944cd6b03c2f554f8627624acdd0071) Importer(815301076,1909f56bfc062723c751e8b465ee728b)
Start importing Assets/Shaders using Guid(b944cd6b03c2f554f8627624acdd0071) Importer(815301076,1909f56bfc062723c751e8b465ee728b)  -> (artifact id: '8a6d4ae1beb9262422a95e6d9ab5f596') in 0.006967 seconds 
========================================================================
Received Import Request.
  Time since last request: 1.116829 seconds.
  path: Assets/Shaders/SpriteShadows.shader
  artifactKey: Guid(1d5f03093dfaa1a468bd3ea7e4bfae93) Importer(815301076,1909f56bfc062723c751e8b465ee728b)
Start importing Assets/Shaders/SpriteShadows.shader using Guid(1d5f03093dfaa1a468bd3ea7e4bfae93) Importer(815301076,1909f56bfc062723c751e8b465ee728b)  -> (artifact id: 'd870b5bdc461bf3066c37b0d4ac481c5') in 0.004294 seconds 
========================================================================
Received Import Request.
  Time since last request: 5.406314 seconds.
  path: Assets/Sprites
  artifactKey: Guid(ef2795fd1dae58846a07e945f1450f04) Importer(815301076,1909f56bfc062723c751e8b465ee728b)
Start importing Assets/Sprites using Guid(ef2795fd1dae58846a07e945f1450f04) Importer(815301076,1909f56bfc062723c751e8b465ee728b)  -> (artifact id: '8b09475d63f3bbf8d6e6824eeffb0248') in 0.006090 seconds 
========================================================================
Received Import Request.
  Time since last request: 14.907231 seconds.
  path: Assets/Sprites/Materials
  artifactKey: Guid(81d2d1d2bd80f334e8c4d6d694a15a19) Importer(815301076,1909f56bfc062723c751e8b465ee728b)
Start importing Assets/Sprites/Materials using Guid(81d2d1d2bd80f334e8c4d6d694a15a19) Importer(815301076,1909f56bfc062723c751e8b465ee728b)  -> (artifact id: '24233515cf635ff6032b1e62de318ad4') in 0.002490 seconds 
========================================================================
Received Import Request.
  Time since last request: 0.056881 seconds.
  path: Assets/Sprites/Materials/BushPlaceholder.mat
  artifactKey: Guid(2529adbe8e427d84796a01205143c5c4) Importer(815301076,1909f56bfc062723c751e8b465ee728b)
Start importing Assets/Sprites/Materials/BushPlaceholder.mat using Guid(2529adbe8e427d84796a01205143c5c4) Importer(815301076,1909f56bfc062723c751e8b465ee728b)  -> (artifact id: '9be6ce5de389082b1c8e8233873ae744') in 0.540511 seconds 
========================================================================
Received Import Request.
  Time since last request: 12.376812 seconds.
  path: Assets/Textures
  artifactKey: Guid(8fdb9bd893abeca4089bd56c4b7b421d) Importer(815301076,1909f56bfc062723c751e8b465ee728b)
Start importing Assets/Textures using Guid(8fdb9bd893abeca4089bd56c4b7b421d) Importer(815301076,1909f56bfc062723c751e8b465ee728b)  -> (artifact id: '53c862a112b7b565657d268f7abe3761') in 0.009608 seconds 
========================================================================
Received Import Request.
  Time since last request: 0.054931 seconds.
  path: Assets/Textures/ForestTrees.png
  artifactKey: Guid(14730058cd48b7344b2160c8791f40a9) Importer(815301076,1909f56bfc062723c751e8b465ee728b)
Start importing Assets/Textures/ForestTrees.png using Guid(14730058cd48b7344b2160c8791f40a9) Importer(815301076,1909f56bfc062723c751e8b465ee728b)  -> (artifact id: '23c0813ddce48fd548838a6481cdadaf') in 0.032650 seconds 
========================================================================
Received Import Request.
  Time since last request: 0.000142 seconds.
  path: Assets/Textures/trees.png
  artifactKey: Guid(fa475cb1b5c996c439f3c2bb6efb721e) Importer(815301076,1909f56bfc062723c751e8b465ee728b)
Start importing Assets/Textures/trees.png using Guid(fa475cb1b5c996c439f3c2bb6efb721e) Importer(815301076,1909f56bfc062723c751e8b465ee728b)  -> (artifact id: 'caa93332bf5b3639ea138c24392a3455') in 0.016175 seconds 
========================================================================
Received Import Request.
  Time since last request: 0.000177 seconds.
  path: Assets/Textures/Grass3.png
  artifactKey: Guid(111010a3647d0d54c9bea9736ebf8279) Importer(815301076,1909f56bfc062723c751e8b465ee728b)
Start importing Assets/Textures/Grass3.png using Guid(111010a3647d0d54c9bea9736ebf8279) Importer(815301076,1909f56bfc062723c751e8b465ee728b)  -> (artifact id: 'f782598f09a484a7e9b97e9105b3c6b5') in 0.011884 seconds 
========================================================================
Received Import Request.
  Time since last request: 63.479128 seconds.
  path: Assets/Scripts/CameraContoller
  artifactKey: Guid(d4134014b8ba34441a633ad01c674436) Importer(815301076,1909f56bfc062723c751e8b465ee728b)
Start importing Assets/Scripts/CameraContoller using Guid(d4134014b8ba34441a633ad01c674436) Importer(815301076,1909f56bfc062723c751e8b465ee728b)  -> (artifact id: '3b697aaffc52ab2f3ed635423b153f98') in 0.006702 seconds 
========================================================================
Received Import Request.
  Time since last request: 2.246838 seconds.
  path: Assets/Scripts/CameraContoller/CameraController.cs
  artifactKey: Guid(202b8b5c633d8ac4b8ec17c652bcb3a4) Importer(815301076,1909f56bfc062723c751e8b465ee728b)
Start importing Assets/Scripts/CameraContoller/CameraController.cs using Guid(202b8b5c633d8ac4b8ec17c652bcb3a4) Importer(815301076,1909f56bfc062723c751e8b465ee728b)  -> (artifact id: '62353c23bfe42c969850f16e83ce3995') in 0.008252 seconds 
========================================================================
Received Import Request.
  Time since last request: 1386.258684 seconds.
  path: Assets/Scripts/CameraContoller/CameraController.cs
  artifactKey: Guid(202b8b5c633d8ac4b8ec17c652bcb3a4) Importer(815301076,1909f56bfc062723c751e8b465ee728b)
Start importing Assets/Scripts/CameraContoller/CameraController.cs using Guid(202b8b5c633d8ac4b8ec17c652bcb3a4) Importer(815301076,1909f56bfc062723c751e8b465ee728b)  -> (artifact id: '2e66a6b1de0921d4140246221342ef01') in 0.002142 seconds 
========================================================================
Received Import Request.
  Time since last request: 281.881674 seconds.
  path: Assets/Scripts/CameraContoller/CameraController.cs
  artifactKey: Guid(202b8b5c633d8ac4b8ec17c652bcb3a4) Importer(815301076,1909f56bfc062723c751e8b465ee728b)
Start importing Assets/Scripts/CameraContoller/CameraController.cs using Guid(202b8b5c633d8ac4b8ec17c652bcb3a4) Importer(815301076,1909f56bfc062723c751e8b465ee728b)  -> (artifact id: '212dacc9b257db3e463656fdcd99e0d7') in 0.002169 seconds 
========================================================================
Received Import Request.
  Time since last request: 29.473406 seconds.
  path: Assets/Scripts/CameraContoller/CameraController.cs
  artifactKey: Guid(202b8b5c633d8ac4b8ec17c652bcb3a4) Importer(815301076,1909f56bfc062723c751e8b465ee728b)
Start importing Assets/Scripts/CameraContoller/CameraController.cs using Guid(202b8b5c633d8ac4b8ec17c652bcb3a4) Importer(815301076,1909f56bfc062723c751e8b465ee728b)  -> (artifact id: '0d5330af6b2ffe55c52a9bbc69c4f85d') in 0.002436 seconds 
========================================================================
Received Import Request.
  Time since last request: 172.061881 seconds.
  path: Assets/Scripts/CameraContoller/CameraController.cs
  artifactKey: Guid(202b8b5c633d8ac4b8ec17c652bcb3a4) Importer(815301076,1909f56bfc062723c751e8b465ee728b)
Start importing Assets/Scripts/CameraContoller/CameraController.cs using Guid(202b8b5c633d8ac4b8ec17c652bcb3a4) Importer(815301076,1909f56bfc062723c751e8b465ee728b)  -> (artifact id: '3ee03feeece9b05589172b3d08b9a0a0') in 0.003121 seconds 
========================================================================
Received Import Request.
  Time since last request: 39.930762 seconds.
  path: Assets/Scripts/CameraContoller/CameraController.cs
  artifactKey: Guid(202b8b5c633d8ac4b8ec17c652bcb3a4) Importer(815301076,1909f56bfc062723c751e8b465ee728b)
Start importing Assets/Scripts/CameraContoller/CameraController.cs using Guid(202b8b5c633d8ac4b8ec17c652bcb3a4) Importer(815301076,1909f56bfc062723c751e8b465ee728b)  -> (artifact id: 'fee248d6ca7e620c912428f5040ce7d2') in 0.002477 seconds 
========================================================================
Received Prepare
Registering precompiled user dll's ...
Registered in 0.009343 seconds.
Begin MonoManager ReloadAssembly
Native extension for LinuxStandalone target not found
Native extension for WindowsStandalone target not found
Native extension for OSXStandalone target not found
Refreshing native plugins compatible for Editor in 0.61 ms, found 2 plugins.
Preloading 0 native plugins for Editor in 0.00 ms.
Mono: successfully reloaded assembly
- Completed reload, in  1.218 seconds
Domain Reload Profiling:
	ReloadAssembly (1218ms)
		BeginReloadAssembly (197ms)
			ExecutionOrderSort (0ms)
			DisableScriptedObjects (14ms)
			BackupInstance (0ms)
			ReleaseScriptingObjects (0ms)
			CreateAndSetChildDomain (91ms)
		EndReloadAssembly (963ms)
			LoadAssemblies (96ms)
			RebuildTransferFunctionScriptingTraits (0ms)
			SetupTypeCache (352ms)
			ReleaseScriptCaches (1ms)
			RebuildScriptCaches (46ms)
			SetupLoadedEditorAssemblies (360ms)
				LogAssemblyErrors (0ms)
				InitializePlatformSupportModulesInManaged (7ms)
				SetLoadedEditorAssemblies (0ms)
				RefreshPlugins (1ms)
				BeforeProcessingInitializeOnLoad (56ms)
				ProcessInitializeOnLoadAttributes (231ms)
				ProcessInitializeOnLoadMethodAttributes (62ms)
				AfterProcessingInitializeOnLoad (2ms)
				EditorAssembliesLoaded (0ms)
			ExecutionOrderSort2 (0ms)
			AwakeInstancesAfterBackupRestoration (13ms)
Platform modules already initialized, skipping
Refreshing native plugins compatible for Editor in 0.62 ms, found 2 plugins.
Preloading 0 native plugins for Editor in 0.00 ms.
Unloading 1966 Unused Serialized files (Serialized files now loaded: 0)
System memory in use before: 93.7 MB.
System memory in use after: 93.8 MB.

Unloading 49 unused Assets to reduce memory usage. Loaded Objects now: 2584.
Total: 5.720700 ms (FindLiveObjects: 0.173600 ms CreateObjectMapping: 0.076800 ms MarkObjects: 5.439400 ms  DeleteObjects: 0.030000 ms)

AssetImportParameters requested are different than current active one (requested -> active):
  custom:framework-win-MediaFoundation: 216162199b28c13a410421893ffa2e32 -> 
  custom:video-decoder-ogg-theora: a1e56fd34408186e4bbccfd4996cb3dc -> 
  custom:container-muxer-webm: aa71ff27fc2769a1b78a27578f13a17b -> 
  custom:container-demuxer-webm: 4f35f7cbe854078d1ac9338744f61a02 -> 
  custom:container-demuxer-ogg: 62fdf1f143b41e24485cea50d1cbac27 -> 
  custom:video-encoder-webm-vp8: eb34c28f22e8b96e1ab97ce403110664 -> 
  custom:video-codec-MediaFoundation-h265: 746d11721c4dcdbdad8f713fa42b33f4 -> 
  custom:video-decoder-webm-vp8: 9c59270c3fd7afecdb556c50c9e8de78 -> 
  custom:audio-decoder-ogg-vorbis: bf7c407c2cedff20999df2af8eb42d56 -> 
  custom:audio-encoder-webm-vorbis: bf7c407c2cedff20999df2af8eb42d56 -> 
========================================================================
Received Import Request.
  Time since last request: 304.624707 seconds.
  path: Assets/_Scenes
  artifactKey: Guid(4f704ae4b4f98ae41a0bce26658850c1) Importer(815301076,1909f56bfc062723c751e8b465ee728b)
Start importing Assets/_Scenes using Guid(4f704ae4b4f98ae41a0bce26658850c1) Importer(815301076,1909f56bfc062723c751e8b465ee728b)  -> (artifact id: 'cf45ca551a832d7d32771b3301ddde86') in 0.010153 seconds 
========================================================================
Received Import Request.
  Time since last request: 0.577380 seconds.
  path: Assets/_Scenes/Battle
  artifactKey: Guid(22fc33f4a8674b44192c097fc3fb09e0) Importer(815301076,1909f56bfc062723c751e8b465ee728b)
Start importing Assets/_Scenes/Battle using Guid(22fc33f4a8674b44192c097fc3fb09e0) Importer(815301076,1909f56bfc062723c751e8b465ee728b)  -> (artifact id: 'e365adfb0698aa53771d70a31bb32c36') in 0.007498 seconds 
========================================================================
Received Import Request.
  Time since last request: 0.570074 seconds.
  path: Assets/_Scenes/Battle/TestBattle.unity
  artifactKey: Guid(5f2da7e9d19c17949b99dbcaefb5c7f3) Importer(815301076,1909f56bfc062723c751e8b465ee728b)
Start importing Assets/_Scenes/Battle/TestBattle.unity using Guid(5f2da7e9d19c17949b99dbcaefb5c7f3) Importer(815301076,1909f56bfc062723c751e8b465ee728b)  -> (artifact id: 'da271fb580c4a8a37a972005a4419295') in 0.016292 seconds 
========================================================================
Received Prepare
Registering precompiled user dll's ...
Registered in 0.006928 seconds.
Begin MonoManager ReloadAssembly
Native extension for LinuxStandalone target not found
Native extension for WindowsStandalone target not found
Native extension for OSXStandalone target not found
Refreshing native plugins compatible for Editor in 0.61 ms, found 2 plugins.
Preloading 0 native plugins for Editor in 0.00 ms.
Mono: successfully reloaded assembly
- Completed reload, in  1.150 seconds
Domain Reload Profiling:
	ReloadAssembly (1150ms)
		BeginReloadAssembly (115ms)
			ExecutionOrderSort (0ms)
			DisableScriptedObjects (8ms)
			BackupInstance (0ms)
			ReleaseScriptingObjects (0ms)
			CreateAndSetChildDomain (34ms)
		EndReloadAssembly (974ms)
			LoadAssemblies (89ms)
			RebuildTransferFunctionScriptingTraits (0ms)
			SetupTypeCache (286ms)
			ReleaseScriptCaches (1ms)
			RebuildScriptCaches (52ms)
			SetupLoadedEditorAssemblies (411ms)
				LogAssemblyErrors (0ms)
				InitializePlatformSupportModulesInManaged (7ms)
				SetLoadedEditorAssemblies (0ms)
				RefreshPlugins (1ms)
				BeforeProcessingInitializeOnLoad (61ms)
				ProcessInitializeOnLoadAttributes (277ms)
				ProcessInitializeOnLoadMethodAttributes (63ms)
				AfterProcessingInitializeOnLoad (3ms)
				EditorAssembliesLoaded (0ms)
			ExecutionOrderSort2 (0ms)
			AwakeInstancesAfterBackupRestoration (18ms)
Platform modules already initialized, skipping
Refreshing native plugins compatible for Editor in 0.59 ms, found 2 plugins.
Preloading 0 native plugins for Editor in 0.00 ms.
Unloading 1963 Unused Serialized files (Serialized files now loaded: 0)
System memory in use before: 93.7 MB.
System memory in use after: 93.8 MB.

Unloading 49 unused Assets to reduce memory usage. Loaded Objects now: 2587.
Total: 5.579400 ms (FindLiveObjects: 0.180900 ms CreateObjectMapping: 0.074400 ms MarkObjects: 5.300200 ms  DeleteObjects: 0.023100 ms)

AssetImportParameters requested are different than current active one (requested -> active):
  custom:framework-win-MediaFoundation: 216162199b28c13a410421893ffa2e32 -> 
  custom:video-decoder-ogg-theora: a1e56fd34408186e4bbccfd4996cb3dc -> 
  custom:container-muxer-webm: aa71ff27fc2769a1b78a27578f13a17b -> 
  custom:container-demuxer-webm: 4f35f7cbe854078d1ac9338744f61a02 -> 
  custom:container-demuxer-ogg: 62fdf1f143b41e24485cea50d1cbac27 -> 
  custom:video-encoder-webm-vp8: eb34c28f22e8b96e1ab97ce403110664 -> 
  custom:video-codec-MediaFoundation-h265: 746d11721c4dcdbdad8f713fa42b33f4 -> 
  custom:video-decoder-webm-vp8: 9c59270c3fd7afecdb556c50c9e8de78 -> 
  custom:audio-decoder-ogg-vorbis: bf7c407c2cedff20999df2af8eb42d56 -> 
  custom:audio-encoder-webm-vorbis: bf7c407c2cedff20999df2af8eb42d56 -> 
========================================================================
Received Prepare
Registering precompiled user dll's ...
Registered in 0.007264 seconds.
Begin MonoManager ReloadAssembly
Native extension for LinuxStandalone target not found
Native extension for WindowsStandalone target not found
Native extension for OSXStandalone target not found
Refreshing native plugins compatible for Editor in 0.82 ms, found 2 plugins.
Preloading 0 native plugins for Editor in 0.00 ms.
Mono: successfully reloaded assembly
- Completed reload, in  1.482 seconds
Domain Reload Profiling:
	ReloadAssembly (1482ms)
		BeginReloadAssembly (138ms)
			ExecutionOrderSort (0ms)
			DisableScriptedObjects (10ms)
			BackupInstance (0ms)
			ReleaseScriptingObjects (0ms)
			CreateAndSetChildDomain (41ms)
		EndReloadAssembly (1267ms)
			LoadAssemblies (114ms)
			RebuildTransferFunctionScriptingTraits (0ms)
			SetupTypeCache (389ms)
			ReleaseScriptCaches (1ms)
			RebuildScriptCaches (61ms)
			SetupLoadedEditorAssemblies (537ms)
				LogAssemblyErrors (0ms)
				InitializePlatformSupportModulesInManaged (11ms)
				SetLoadedEditorAssemblies (1ms)
				RefreshPlugins (1ms)
				BeforeProcessingInitializeOnLoad (85ms)
				ProcessInitializeOnLoadAttributes (358ms)
				ProcessInitializeOnLoadMethodAttributes (78ms)
				AfterProcessingInitializeOnLoad (3ms)
				EditorAssembliesLoaded (0ms)
			ExecutionOrderSort2 (0ms)
			AwakeInstancesAfterBackupRestoration (15ms)
Platform modules already initialized, skipping
Refreshing native plugins compatible for Editor in 0.73 ms, found 2 plugins.
Preloading 0 native plugins for Editor in 0.00 ms.
Unloading 1963 Unused Serialized files (Serialized files now loaded: 0)
System memory in use before: 93.7 MB.
System memory in use after: 93.8 MB.

Unloading 49 unused Assets to reduce memory usage. Loaded Objects now: 2590.
Total: 6.994700 ms (FindLiveObjects: 0.202100 ms CreateObjectMapping: 0.085700 ms MarkObjects: 6.675800 ms  DeleteObjects: 0.029800 ms)

AssetImportParameters requested are different than current active one (requested -> active):
  custom:framework-win-MediaFoundation: 216162199b28c13a410421893ffa2e32 -> 
  custom:video-decoder-ogg-theora: a1e56fd34408186e4bbccfd4996cb3dc -> 
  custom:container-muxer-webm: aa71ff27fc2769a1b78a27578f13a17b -> 
  custom:container-demuxer-webm: 4f35f7cbe854078d1ac9338744f61a02 -> 
  custom:container-demuxer-ogg: 62fdf1f143b41e24485cea50d1cbac27 -> 
  custom:video-encoder-webm-vp8: eb34c28f22e8b96e1ab97ce403110664 -> 
  custom:video-codec-MediaFoundation-h265: 746d11721c4dcdbdad8f713fa42b33f4 -> 
  custom:video-decoder-webm-vp8: 9c59270c3fd7afecdb556c50c9e8de78 -> 
  custom:audio-decoder-ogg-vorbis: bf7c407c2cedff20999df2af8eb42d56 -> 
  custom:audio-encoder-webm-vorbis: bf7c407c2cedff20999df2af8eb42d56 -> 
========================================================================
Received Prepare
Registering precompiled user dll's ...
Registered in 0.006278 seconds.
Begin MonoManager ReloadAssembly
Native extension for LinuxStandalone target not found
Native extension for WindowsStandalone target not found
Native extension for OSXStandalone target not found
Refreshing native plugins compatible for Editor in 0.59 ms, found 2 plugins.
Preloading 0 native plugins for Editor in 0.00 ms.
Mono: successfully reloaded assembly
- Completed reload, in  1.100 seconds
Domain Reload Profiling:
	ReloadAssembly (1100ms)
		BeginReloadAssembly (127ms)
			ExecutionOrderSort (0ms)
			DisableScriptedObjects (10ms)
			BackupInstance (0ms)
			ReleaseScriptingObjects (0ms)
			CreateAndSetChildDomain (39ms)
		EndReloadAssembly (904ms)
			LoadAssemblies (96ms)
			RebuildTransferFunctionScriptingTraits (0ms)
			SetupTypeCache (288ms)
			ReleaseScriptCaches (1ms)
			RebuildScriptCaches (44ms)
			SetupLoadedEditorAssemblies (359ms)
				LogAssemblyErrors (0ms)
				InitializePlatformSupportModulesInManaged (9ms)
				SetLoadedEditorAssemblies (0ms)
				RefreshPlugins (1ms)
				BeforeProcessingInitializeOnLoad (56ms)
				ProcessInitializeOnLoadAttributes (228ms)
				ProcessInitializeOnLoadMethodAttributes (62ms)
				AfterProcessingInitializeOnLoad (3ms)
				EditorAssembliesLoaded (0ms)
			ExecutionOrderSort2 (0ms)
			AwakeInstancesAfterBackupRestoration (14ms)
Platform modules already initialized, skipping
Refreshing native plugins compatible for Editor in 0.60 ms, found 2 plugins.
Preloading 0 native plugins for Editor in 0.00 ms.
Unloading 1963 Unused Serialized files (Serialized files now loaded: 0)
System memory in use before: 93.7 MB.
System memory in use after: 93.8 MB.

Unloading 49 unused Assets to reduce memory usage. Loaded Objects now: 2593.
Total: 5.047100 ms (FindLiveObjects: 0.186200 ms CreateObjectMapping: 0.079500 ms MarkObjects: 4.760600 ms  DeleteObjects: 0.019900 ms)

AssetImportParameters requested are different than current active one (requested -> active):
  custom:framework-win-MediaFoundation: 216162199b28c13a410421893ffa2e32 -> 
  custom:video-decoder-ogg-theora: a1e56fd34408186e4bbccfd4996cb3dc -> 
  custom:container-muxer-webm: aa71ff27fc2769a1b78a27578f13a17b -> 
  custom:container-demuxer-webm: 4f35f7cbe854078d1ac9338744f61a02 -> 
  custom:container-demuxer-ogg: 62fdf1f143b41e24485cea50d1cbac27 -> 
  custom:video-encoder-webm-vp8: eb34c28f22e8b96e1ab97ce403110664 -> 
  custom:video-codec-MediaFoundation-h265: 746d11721c4dcdbdad8f713fa42b33f4 -> 
  custom:video-decoder-webm-vp8: 9c59270c3fd7afecdb556c50c9e8de78 -> 
  custom:audio-decoder-ogg-vorbis: bf7c407c2cedff20999df2af8eb42d56 -> 
  custom:audio-encoder-webm-vorbis: bf7c407c2cedff20999df2af8eb42d56 -> 
========================================================================
Received Prepare
Registering precompiled user dll's ...
Registered in 0.004911 seconds.
Begin MonoManager ReloadAssembly
Native extension for LinuxStandalone target not found
Native extension for WindowsStandalone target not found
Native extension for OSXStandalone target not found
Refreshing native plugins compatible for Editor in 0.63 ms, found 2 plugins.
Preloading 0 native plugins for Editor in 0.00 ms.
Mono: successfully reloaded assembly
- Completed reload, in  1.130 seconds
Domain Reload Profiling:
	ReloadAssembly (1130ms)
		BeginReloadAssembly (106ms)
			ExecutionOrderSort (0ms)
			DisableScriptedObjects (7ms)
			BackupInstance (0ms)
			ReleaseScriptingObjects (0ms)
			CreateAndSetChildDomain (30ms)
		EndReloadAssembly (968ms)
			LoadAssemblies (81ms)
			RebuildTransferFunctionScriptingTraits (0ms)
			SetupTypeCache (291ms)
			ReleaseScriptCaches (1ms)
			RebuildScriptCaches (49ms)
			SetupLoadedEditorAssemblies (420ms)
				LogAssemblyErrors (0ms)
				InitializePlatformSupportModulesInManaged (10ms)
				SetLoadedEditorAssemblies (0ms)
				RefreshPlugins (1ms)
				BeforeProcessingInitializeOnLoad (62ms)
				ProcessInitializeOnLoadAttributes (268ms)
				ProcessInitializeOnLoadMethodAttributes (77ms)
				AfterProcessingInitializeOnLoad (3ms)
				EditorAssembliesLoaded (0ms)
			ExecutionOrderSort2 (0ms)
			AwakeInstancesAfterBackupRestoration (12ms)
Platform modules already initialized, skipping
Refreshing native plugins compatible for Editor in 0.61 ms, found 2 plugins.
Preloading 0 native plugins for Editor in 0.00 ms.
Unloading 1963 Unused Serialized files (Serialized files now loaded: 0)
System memory in use before: 93.7 MB.
System memory in use after: 93.8 MB.

Unloading 49 unused Assets to reduce memory usage. Loaded Objects now: 2596.
Total: 5.856900 ms (FindLiveObjects: 0.185200 ms CreateObjectMapping: 0.074400 ms MarkObjects: 5.569900 ms  DeleteObjects: 0.026500 ms)

AssetImportParameters requested are different than current active one (requested -> active):
  custom:framework-win-MediaFoundation: 216162199b28c13a410421893ffa2e32 -> 
  custom:video-decoder-ogg-theora: a1e56fd34408186e4bbccfd4996cb3dc -> 
  custom:container-muxer-webm: aa71ff27fc2769a1b78a27578f13a17b -> 
  custom:container-demuxer-webm: 4f35f7cbe854078d1ac9338744f61a02 -> 
  custom:container-demuxer-ogg: 62fdf1f143b41e24485cea50d1cbac27 -> 
  custom:video-encoder-webm-vp8: eb34c28f22e8b96e1ab97ce403110664 -> 
  custom:video-codec-MediaFoundation-h265: 746d11721c4dcdbdad8f713fa42b33f4 -> 
  custom:video-decoder-webm-vp8: 9c59270c3fd7afecdb556c50c9e8de78 -> 
  custom:audio-decoder-ogg-vorbis: bf7c407c2cedff20999df2af8eb42d56 -> 
  custom:audio-encoder-webm-vorbis: bf7c407c2cedff20999df2af8eb42d56 -> 
========================================================================
Received Prepare
Registering precompiled user dll's ...
Registered in 0.005706 seconds.
Begin MonoManager ReloadAssembly
Native extension for LinuxStandalone target not found
Native extension for WindowsStandalone target not found
Native extension for OSXStandalone target not found
Refreshing native plugins compatible for Editor in 0.65 ms, found 2 plugins.
Preloading 0 native plugins for Editor in 0.00 ms.
Mono: successfully reloaded assembly
- Completed reload, in  1.132 seconds
Domain Reload Profiling:
	ReloadAssembly (1132ms)
		BeginReloadAssembly (118ms)
			ExecutionOrderSort (0ms)
			DisableScriptedObjects (8ms)
			BackupInstance (0ms)
			ReleaseScriptingObjects (0ms)
			CreateAndSetChildDomain (34ms)
		EndReloadAssembly (947ms)
			LoadAssemblies (97ms)
			RebuildTransferFunctionScriptingTraits (0ms)
			SetupTypeCache (301ms)
			ReleaseScriptCaches (1ms)
			RebuildScriptCaches (46ms)
			SetupLoadedEditorAssemblies (373ms)
				LogAssemblyErrors (0ms)
				InitializePlatformSupportModulesInManaged (10ms)
				SetLoadedEditorAssemblies (0ms)
				RefreshPlugins (1ms)
				BeforeProcessingInitializeOnLoad (59ms)
				ProcessInitializeOnLoadAttributes (238ms)
				ProcessInitializeOnLoadMethodAttributes (63ms)
				AfterProcessingInitializeOnLoad (2ms)
				EditorAssembliesLoaded (0ms)
			ExecutionOrderSort2 (0ms)
			AwakeInstancesAfterBackupRestoration (11ms)
Platform modules already initialized, skipping
Refreshing native plugins compatible for Editor in 1.05 ms, found 2 plugins.
Preloading 0 native plugins for Editor in 0.00 ms.
Unloading 1963 Unused Serialized files (Serialized files now loaded: 0)
System memory in use before: 93.7 MB.
System memory in use after: 93.8 MB.

Unloading 49 unused Assets to reduce memory usage. Loaded Objects now: 2599.
Total: 5.514200 ms (FindLiveObjects: 0.179000 ms CreateObjectMapping: 0.076100 ms MarkObjects: 5.232000 ms  DeleteObjects: 0.025900 ms)

AssetImportParameters requested are different than current active one (requested -> active):
  custom:framework-win-MediaFoundation: 216162199b28c13a410421893ffa2e32 -> 
  custom:video-decoder-ogg-theora: a1e56fd34408186e4bbccfd4996cb3dc -> 
  custom:container-muxer-webm: aa71ff27fc2769a1b78a27578f13a17b -> 
  custom:container-demuxer-webm: 4f35f7cbe854078d1ac9338744f61a02 -> 
  custom:container-demuxer-ogg: 62fdf1f143b41e24485cea50d1cbac27 -> 
  custom:video-encoder-webm-vp8: eb34c28f22e8b96e1ab97ce403110664 -> 
  custom:video-codec-MediaFoundation-h265: 746d11721c4dcdbdad8f713fa42b33f4 -> 
  custom:video-decoder-webm-vp8: 9c59270c3fd7afecdb556c50c9e8de78 -> 
  custom:audio-decoder-ogg-vorbis: bf7c407c2cedff20999df2af8eb42d56 -> 
  custom:audio-encoder-webm-vorbis: bf7c407c2cedff20999df2af8eb42d56 -> 
========================================================================
Received Prepare
Registering precompiled user dll's ...
Registered in 0.005726 seconds.
Begin MonoManager ReloadAssembly
Native extension for LinuxStandalone target not found
Native extension for WindowsStandalone target not found
Native extension for OSXStandalone target not found
Refreshing native plugins compatible for Editor in 0.66 ms, found 2 plugins.
Preloading 0 native plugins for Editor in 0.00 ms.
Mono: successfully reloaded assembly
- Completed reload, in  1.074 seconds
Domain Reload Profiling:
	ReloadAssembly (1074ms)
		BeginReloadAssembly (127ms)
			ExecutionOrderSort (0ms)
			DisableScriptedObjects (8ms)
			BackupInstance (0ms)
			ReleaseScriptingObjects (0ms)
			CreateAndSetChildDomain (40ms)
		EndReloadAssembly (888ms)
			LoadAssemblies (94ms)
			RebuildTransferFunctionScriptingTraits (0ms)
			SetupTypeCache (280ms)
			ReleaseScriptCaches (1ms)
			RebuildScriptCaches (50ms)
			SetupLoadedEditorAssemblies (362ms)
				LogAssemblyErrors (0ms)
				InitializePlatformSupportModulesInManaged (8ms)
				SetLoadedEditorAssemblies (1ms)
				RefreshPlugins (1ms)
				BeforeProcessingInitializeOnLoad (55ms)
				ProcessInitializeOnLoadAttributes (232ms)
				ProcessInitializeOnLoadMethodAttributes (63ms)
				AfterProcessingInitializeOnLoad (2ms)
				EditorAssembliesLoaded (0ms)
			ExecutionOrderSort2 (0ms)
			AwakeInstancesAfterBackupRestoration (12ms)
Platform modules already initialized, skipping
Refreshing native plugins compatible for Editor in 0.56 ms, found 2 plugins.
Preloading 0 native plugins for Editor in 0.00 ms.
Unloading 1963 Unused Serialized files (Serialized files now loaded: 0)
System memory in use before: 93.7 MB.
System memory in use after: 93.8 MB.

Unloading 49 unused Assets to reduce memory usage. Loaded Objects now: 2602.
Total: 5.801800 ms (FindLiveObjects: 0.179900 ms CreateObjectMapping: 0.074800 ms MarkObjects: 5.516300 ms  DeleteObjects: 0.029900 ms)

AssetImportParameters requested are different than current active one (requested -> active):
  custom:framework-win-MediaFoundation: 216162199b28c13a410421893ffa2e32 -> 
  custom:video-decoder-ogg-theora: a1e56fd34408186e4bbccfd4996cb3dc -> 
  custom:container-muxer-webm: aa71ff27fc2769a1b78a27578f13a17b -> 
  custom:container-demuxer-webm: 4f35f7cbe854078d1ac9338744f61a02 -> 
  custom:container-demuxer-ogg: 62fdf1f143b41e24485cea50d1cbac27 -> 
  custom:video-encoder-webm-vp8: eb34c28f22e8b96e1ab97ce403110664 -> 
  custom:video-codec-MediaFoundation-h265: 746d11721c4dcdbdad8f713fa42b33f4 -> 
  custom:video-decoder-webm-vp8: 9c59270c3fd7afecdb556c50c9e8de78 -> 
  custom:audio-decoder-ogg-vorbis: bf7c407c2cedff20999df2af8eb42d56 -> 
  custom:audio-encoder-webm-vorbis: bf7c407c2cedff20999df2af8eb42d56 -> 
========================================================================
Received Prepare
Registering precompiled user dll's ...
Registered in 0.005483 seconds.
Begin MonoManager ReloadAssembly
Native extension for LinuxStandalone target not found
Native extension for WindowsStandalone target not found
Native extension for OSXStandalone target not found
Refreshing native plugins compatible for Editor in 0.68 ms, found 2 plugins.
Preloading 0 native plugins for Editor in 0.00 ms.
Mono: successfully reloaded assembly
- Completed reload, in  1.099 seconds
Domain Reload Profiling:
	ReloadAssembly (1100ms)
		BeginReloadAssembly (105ms)
			ExecutionOrderSort (0ms)
			DisableScriptedObjects (8ms)
			BackupInstance (0ms)
			ReleaseScriptingObjects (0ms)
			CreateAndSetChildDomain (34ms)
		EndReloadAssembly (918ms)
			LoadAssemblies (87ms)
			RebuildTransferFunctionScriptingTraits (0ms)
			SetupTypeCache (302ms)
			ReleaseScriptCaches (1ms)
			RebuildScriptCaches (45ms)
			SetupLoadedEditorAssemblies (370ms)
				LogAssemblyErrors (0ms)
				InitializePlatformSupportModulesInManaged (8ms)
				SetLoadedEditorAssemblies (1ms)
				RefreshPlugins (1ms)
				BeforeProcessingInitializeOnLoad (56ms)
				ProcessInitializeOnLoadAttributes (243ms)
				ProcessInitializeOnLoadMethodAttributes (60ms)
				AfterProcessingInitializeOnLoad (2ms)
				EditorAssembliesLoaded (0ms)
			ExecutionOrderSort2 (0ms)
			AwakeInstancesAfterBackupRestoration (11ms)
Platform modules already initialized, skipping
Refreshing native plugins compatible for Editor in 0.56 ms, found 2 plugins.
Preloading 0 native plugins for Editor in 0.00 ms.
Unloading 1963 Unused Serialized files (Serialized files now loaded: 0)
System memory in use before: 93.7 MB.
System memory in use after: 93.8 MB.

Unloading 49 unused Assets to reduce memory usage. Loaded Objects now: 2605.
Total: 6.017800 ms (FindLiveObjects: 0.192600 ms CreateObjectMapping: 0.086700 ms MarkObjects: 5.711600 ms  DeleteObjects: 0.026000 ms)

AssetImportParameters requested are different than current active one (requested -> active):
  custom:framework-win-MediaFoundation: 216162199b28c13a410421893ffa2e32 -> 
  custom:video-decoder-ogg-theora: a1e56fd34408186e4bbccfd4996cb3dc -> 
  custom:container-muxer-webm: aa71ff27fc2769a1b78a27578f13a17b -> 
  custom:container-demuxer-webm: 4f35f7cbe854078d1ac9338744f61a02 -> 
  custom:container-demuxer-ogg: 62fdf1f143b41e24485cea50d1cbac27 -> 
  custom:video-encoder-webm-vp8: eb34c28f22e8b96e1ab97ce403110664 -> 
  custom:video-codec-MediaFoundation-h265: 746d11721c4dcdbdad8f713fa42b33f4 -> 
  custom:video-decoder-webm-vp8: 9c59270c3fd7afecdb556c50c9e8de78 -> 
  custom:audio-decoder-ogg-vorbis: bf7c407c2cedff20999df2af8eb42d56 -> 
  custom:audio-encoder-webm-vorbis: bf7c407c2cedff20999df2af8eb42d56 -> 
AssetImportWorkerClient::OnTransportError - code=2 error=End of file
